<testsuite name="s21_fabs" tests="1" failures="0" errors="0" skipped="0">
    <testcase classname="s21_fabs" name="test_s21_fabs_tc"/>
</testsuite>
